#
# There is insufficient memory for the Java Runtime Environment to continue.
# Native memory allocation (mmap) failed to map 67108864 bytes for Failed to commit area from 0x00000000c1800000 to 0x00000000c5800000 of length 67108864.
# Possible reasons:
#   The system is out of physical RAM or swap space
#   The process is running with CompressedOops enabled, and the Java Heap may be blocking the growth of the native heap
# Possible solutions:
#   Reduce memory load on the system
#   Increase physical memory or swap space
#   Check if swap backing store is full
#   Decrease Java heap size (-Xmx/-Xms)
#   Decrease number of Java threads
#   Decrease Java thread stack sizes (-Xss)
#   Set larger code cache with -XX:ReservedCodeCacheSize=
# This output file may be truncated or incomplete.
#
#  Out of Memory Error (t:/workspace/open/src/hotspot/os/windows/os_windows.cpp:3264), pid=6140, tid=856
#
# JRE version:  (12.0.2+10) (build )
# Java VM: Java HotSpot(TM) 64-Bit Server VM (12.0.2+10, mixed mode, aot, sharing, tiered, compressed oops, g1 gc, windows-amd64)
# No core dump will be written. Minidumps are not enabled by default on client versions of Windows
#

---------------  S U M M A R Y ------------

Command Line: -ea -Dfile.encoding=Cp1252 org.testng.remote.RemoteTestNG -serport 62801 -protocol json -d C:\Users\Admin\eclipse-workspace\WPFramework\test-output C:\Users\Admin\AppData\Local\Temp\testng-eclipse-1968417003\testng-customsuite.xml

Host: Intel(R) Core(TM) i3-4030U CPU @ 1.90GHz, 4 cores, 3G,  Windows 10 , 64 bit Build 14393 (10.0.14393.2189)
Time: Wed Aug 28 01:10:09 2019 India Standard Time elapsed time: 0 seconds (0d 0h 0m 0s)

---------------  T H R E A D  ---------------

Current thread (0x000002d707dc5800):  JavaThread "Unknown thread" [_thread_in_vm, id=856, stack(0x000000f370a00000,0x000000f370b00000)]

Stack: [0x000000f370a00000,0x000000f370b00000]
Native frames: (J=compiled Java code, j=interpreted, Vv=VM code, C=native code)
V  [jvm.dll+0x63aa2a]
V  [jvm.dll+0x78ce1e]
V  [jvm.dll+0x78e4c1]
V  [jvm.dll+0x78eb13]
V  [jvm.dll+0x2627e8]
V  [jvm.dll+0x637f5a]
V  [jvm.dll+0x62c845]
V  [jvm.dll+0x31e49c]
V  [jvm.dll+0x31e2cf]
V  [jvm.dll+0x324006]
V  [jvm.dll+0x371f56]
V  [jvm.dll+0x371720]
V  [jvm.dll+0x2f845a]
V  [jvm.dll+0x2f96d2]
V  [jvm.dll+0x767267]
V  [jvm.dll+0x7689f5]
V  [jvm.dll+0x380059]
V  [jvm.dll+0x74b794]
V  [jvm.dll+0x3ef5cd]
V  [jvm.dll+0x3f1471]
C  [jli.dll+0x51cf]
C  [ucrtbase.dll+0x1cd70]
C  [KERNEL32.DLL+0x8364]
C  [ntdll.dll+0x67091]


---------------  P R O C E S S  ---------------

Threads class SMR info:
_java_thread_list=0x000002d70a107928, length=0, elements={
}

Java Threads: ( => current thread )

Other Threads:
  0x000002d707df2000 GCTaskThread "GC Thread#0" [stack: 0x000000f370b00000,0x000000f370c00000] [id=7528]
  0x000002d707dfa000 ConcurrentGCThread "G1 Main Marker" [stack: 0x000000f370c00000,0x000000f370d00000] [id=7696]
  0x000002d707dfb000 ConcurrentGCThread "G1 Conc#0" [stack: 0x000000f370d00000,0x000000f370e00000] [id=4388]

[error occurred during error reporting (printing all threads), id 0xc0000005, EXCEPTION_ACCESS_VIOLATION (0xc0000005) at pc=0x000002d7099385e7]

VM state:not at safepoint (not fully initialized)

VM Mutex/Monitor currently owned by a thread:  ([mutex/lock_event])
[0x000002d707dc2fc0] Heap_lock - owner thread: 0x000002d707dc5800

Heap address: 0x00000000c1800000, size: 1000 MB, Compressed Oops mode: Non-zero based: 0x00000000c1800000
Narrow klass base: 0x0000000000000000, Narrow klass shift: 0

GC Heap History (0 events):
No events

Deoptimization events (0 events):
No events

Classes redefined (0 events):
No events

Internal exceptions (0 events):
No events

Events (0 events):
No events


Dynamic libraries:
0x00007ff7921d0000 - 0x00007ff7921df000 	C:\Program Files\Java\jdk-12.0.2\bin\javaw.exe
0x00007ffb0ff70000 - 0x00007ffb10142000 	C:\Windows\SYSTEM32\ntdll.dll
0x00007ffb0d6c0000 - 0x00007ffb0d76c000 	C:\Windows\System32\KERNEL32.DLL
0x00007ffae3500000 - 0x00007ffae3512000 	C:\Program Files\AVAST Software\Avast\aswhook.dll
0x00007ffb0cfc0000 - 0x00007ffb0d1dd000 	C:\Windows\System32\KERNELBASE.dll
0x00007ffb0ce10000 - 0x00007ffb0cf05000 	C:\Windows\System32\ucrtbase.dll
0x00007ffae8ce0000 - 0x00007ffae8cf8000 	C:\Program Files\Java\jdk-12.0.2\bin\jli.dll
0x00007ffb0d770000 - 0x00007ffb0d812000 	C:\Windows\System32\ADVAPI32.dll
0x00007ffb0e2f0000 - 0x00007ffb0e38e000 	C:\Windows\System32\msvcrt.dll
0x00007ffb0e840000 - 0x00007ffb0e899000 	C:\Windows\System32\sechost.dll
0x00007ffb0e1c0000 - 0x00007ffb0e2e1000 	C:\Windows\System32\RPCRT4.dll
0x00007ffb0e5b0000 - 0x00007ffb0e715000 	C:\Windows\System32\USER32.dll
0x00007ffb0c470000 - 0x00007ffb0c48e000 	C:\Windows\System32\win32u.dll
0x00007ffb0e180000 - 0x00007ffb0e1b4000 	C:\Windows\System32\GDI32.dll
0x00007ffb0c5b0000 - 0x00007ffb0c730000 	C:\Windows\System32\gdi32full.dll
0x00007ffae8b80000 - 0x00007ffae8b96000 	C:\Program Files\Java\jdk-12.0.2\bin\VCRUNTIME140.dll
0x00007ffafc830000 - 0x00007ffafcaaa000 	C:\Windows\WinSxS\amd64_microsoft.windows.common-controls_6595b64144ccf1df_6.0.14393.953_none_42151e83c686086b\COMCTL32.dll
0x00007ffb0dc50000 - 0x00007ffb0df18000 	C:\Windows\System32\combase.dll
0x00007ffb0c540000 - 0x00007ffb0c5aa000 	C:\Windows\System32\bcryptPrimitives.dll
0x00007ffb0aa40000 - 0x00007ffb0aa4a000 	C:\Windows\SYSTEM32\VERSION.dll
0x00007ffb0e7a0000 - 0x00007ffb0e7ce000 	C:\Windows\System32\IMM32.DLL
0x00007ffae2700000 - 0x00007ffae27aa000 	C:\Program Files\Java\jdk-12.0.2\bin\msvcp140.dll
0x000002d709630000 - 0x000002d70a1a7000 	C:\Program Files\Java\jdk-12.0.2\bin\server\jvm.dll
0x00007ffb0ff50000 - 0x00007ffb0ff58000 	C:\Windows\System32\PSAPI.DLL
0x00007ffb00f80000 - 0x00007ffb00f89000 	C:\Windows\SYSTEM32\WSOCK32.dll
0x00007ffb0e7d0000 - 0x00007ffb0e83a000 	C:\Windows\System32\WS2_32.dll
0x00007ffb0a4e0000 - 0x00007ffb0a503000 	C:\Windows\SYSTEM32\WINMM.dll
0x00007ffb0a4b0000 - 0x00007ffb0a4db000 	C:\Windows\SYSTEM32\WINMMBASE.dll
0x00007ffb0d280000 - 0x00007ffb0d2c2000 	C:\Windows\System32\cfgmgr32.dll
0x00007ffb0c3e0000 - 0x00007ffb0c3ef000 	C:\Windows\System32\kernel.appcore.dll
0x00007ffafe060000 - 0x00007ffafe071000 	C:\Program Files\Java\jdk-12.0.2\bin\verify.dll
0x00007ffb0c0a0000 - 0x00007ffb0c232000 	C:\Windows\SYSTEM32\DBGHELP.DLL
0x00007ffb0bc50000 - 0x00007ffb0bc79000 	C:\Windows\SYSTEM32\dbgcore.DLL
0x00007ffae8bf0000 - 0x00007ffae8c16000 	C:\Program Files\Java\jdk-12.0.2\bin\java.dll
0x00007ffae8bd0000 - 0x00007ffae8be7000 	C:\Program Files\Java\jdk-12.0.2\bin\zip.dll
0x00007ffb05570000 - 0x00007ffb0557a000 	C:\Program Files\Java\jdk-12.0.2\bin\jimage.dll

dbghelp: loaded successfully - version: 4.0.5 - missing functions: none
symbol engine: initialized successfully - sym options: 0x614 - pdb path: .;C:\Program Files\Java\jdk-12.0.2\bin;C:\Windows\SYSTEM32;C:\Program Files\AVAST Software\Avast;C:\Windows\WinSxS\amd64_microsoft.windows.common-controls_6595b64144ccf1df_6.0.14393.953_none_42151e83c686086b;C:\Program Files\Java\jdk-12.0.2\bin\server

VM Arguments:
jvm_args: -ea -Dfile.encoding=Cp1252 
java_command: org.testng.remote.RemoteTestNG -serport 62801 -protocol json -d C:\Users\Admin\eclipse-workspace\WPFramework\test-output C:\Users\Admin\AppData\Local\Temp\testng-eclipse-1968417003\testng-customsuite.xml
java_class_path (initial): C:\Users\Admin\.p2\pool\plugins\org.testng.eclipse_6.10.0.201612030230\lib\testng-remote.jar;C:\Users\Admin\eclipse-workspace\WPFramework\target\test-classes;C:\Users\Admin\eclipse-workspace\WPFramework\target\classes;C:\Users\Admin\.m2\repository\org\seleniumhq\selenium\selenium-java\3.141.59\selenium-java-3.141.59.jar;C:\Users\Admin\.m2\repository\org\seleniumhq\selenium\selenium-api\3.141.59\selenium-api-3.141.59.jar;C:\Users\Admin\.m2\repository\org\seleniumhq\selenium\selenium-chrome-driver\3.141.59\selenium-chrome-driver-3.141.59.jar;C:\Users\Admin\.m2\repository\org\seleniumhq\selenium\selenium-edge-driver\3.141.59\selenium-edge-driver-3.141.59.jar;C:\Users\Admin\.m2\repository\org\seleniumhq\selenium\selenium-firefox-driver\3.141.59\selenium-firefox-driver-3.141.59.jar;C:\Users\Admin\.m2\repository\org\seleniumhq\selenium\selenium-ie-driver\3.141.59\selenium-ie-driver-3.141.59.jar;C:\Users\Admin\.m2\repository\org\seleniumhq\selenium\selenium-opera-driver\3.141.59\selenium-opera-driver-3.141.59.jar;C:\Users\Admin\.m2\repository\org\seleniumhq\selenium\selenium-remote-driver\3.141.59\selenium-remote-driver-3.141.59.jar;C:\Users\Admin\.m2\repository\org\seleniumhq\selenium\selenium-safari-driver\3.141.59\selenium-safari-driver-3.141.59.jar;C:\Users\Admin\.m2\repository\org\seleniumhq\selenium\selenium-support\3.141.59\selenium-support-3.141.59.jar;C:\Users\Admin\.m2\repository\net\bytebuddy\byte-buddy\1.8.15\byte-buddy-1.8.15.jar;C:\Users\Admin\.m2\repository\org\apache\commons\commons-exec\1.3\commons-exec-1.3.jar;C:\Users\Admin\.m2\repository\com\google\guava\guava\25.0-jre\guava-25.0-jre.jar;C:\Users\Admin\.m2\repository\com\google\code\findbugs\jsr305\1.3.9\jsr305-1.3.9.jar;C:\Users\Admin\.m2\repository\org\checkerframework\checker-compat-qual\2.0.0\checker-compat-qual-2.0.0.jar;C:\Users\Admin\.m2\repository\com\google\errorprone\error_prone_annotations\2.1.3\error_prone_annotations-2.1.3.jar;C:\Users\Admin\.m2\repository\com\g
Launcher Type: SUN_STANDARD

[Global flags]
     intx CICompilerCount                          = 3                                         {product} {ergonomic}
     uint ConcGCThreads                            = 1                                         {product} {ergonomic}
     uint G1ConcRefinementThreads                  = 4                                         {product} {ergonomic}
   size_t G1HeapRegionSize                         = 1048576                                   {product} {ergonomic}
    uintx GCDrainStackTargetSize                   = 64                                        {product} {ergonomic}
   size_t InitialHeapSize                          = 67108864                                  {product} {ergonomic}
   size_t MarkStackSize                            = 4194304                                   {product} {ergonomic}
   size_t MaxHeapSize                              = 1048576000                                {product} {ergonomic}
   size_t MinHeapDeltaBytes                        = 1048576                                   {product} {ergonomic}
    uintx NonNMethodCodeHeapSize                   = 5830732                                {pd product} {ergonomic}
    uintx NonProfiledCodeHeapSize                  = 122913754                              {pd product} {ergonomic}
    uintx ProfiledCodeHeapSize                     = 122913754                              {pd product} {ergonomic}
    uintx ReservedCodeCacheSize                    = 251658240                              {pd product} {ergonomic}
     bool SegmentedCodeCache                       = true                                      {product} {ergonomic}
     bool UseCompressedClassPointers               = true                                 {lp64_product} {ergonomic}
     bool UseCompressedOops                        = true                                 {lp64_product} {ergonomic}
     bool UseG1GC                                  = true                                      {product} {ergonomic}
     bool UseLargePagesIndividualAllocation        = false                                  {pd product} {ergonomic}

Logging:
Log output configuration:
 #0: stdout all=warning uptime,level,tags
 #1: stderr all=off uptime,level,tags

Environment Variables:
PATH=C:/Program Files/Java/jdk-12.0.2/bin/server;C:/Program Files/Java/jdk-12.0.2/bin;C:\Windows\system32;C:\Windows;C:\Windows\System32\Wbem;C:\Windows\System32\WindowsPowerShell\v1.0\;C:\Users\Admin\eclipse\apache-maven-3.6.1\bin;C:\Program Files\Java\jdk-12.0.2\bin;C:\Users\Admin\AppData\Local\Microsoft\WindowsApps;;C:\Users\Admin\Desktop;
USERNAME=Admin
OS=Windows_NT
PROCESSOR_IDENTIFIER=Intel64 Family 6 Model 69 Stepping 1, GenuineIntel



---------------  S Y S T E M  ---------------

OS: Windows 10 , 64 bit Build 14393 (10.0.14393.2189)

CPU:total 4 (initial active 4) (2 cores per cpu, 2 threads per core) family 6 model 69 stepping 1, cmov, cx8, fxsr, mmx, sse, sse2, sse3, ssse3, sse4.1, sse4.2, popcnt, avx, avx2, aes, clmul, erms, lzcnt, ht, tsc, tscinvbit, bmi1, bmi2, fma

Memory: 4k page, system-wide physical 3999M (912M free)
TotalPageFile size 16287M (AvailPageFile size 23M)
current process WorkingSet (physical memory assigned to process): 9M, peak: 9M
current process commit charge ("private bytes"): 52M, peak: 116M

vm_info: Java HotSpot(TM) 64-Bit Server VM (12.0.2+10) for windows-amd64 JRE (12.0.2+10), built on Jul 16 2019 01:56:17 by "mach5one" with MS VC++ 15.5 (VS2017)

END.
